<?xml version="1.0" encoding="utf-8"?><testsuites name="pytest tests"><testsuite name="pytest" errors="0" failures="0" skipped="0" tests="18" time="3.534" timestamp="2026-08-29T23:52:38.451032+00:00" hostname="agent-env-9fff2426-305b-47a8-9e65-809d8d5dbc17"><testcase classname="backend.tests.test_trustshield_api.TestUrlScan" name="test_safe_url" time="0.212" /><testcase classname="backend.tests.test_trustshield_api.TestUrlScan" name="test_phishing_url_ml" time="0.110" /><testcase classname="backend.tests.test_trustshield_api.TestUrlScan" name="test_malformed_url" time="0.103" /><testcase classname="backend.tests.test_trustshield_api.TestUrlScan" name="test_empty_url" time="0.095" /><testcase classname="backend.tests.test_trustshield_api.TestUrlScan" name="test_missing_url" time="0.138" /><testcase classname="backend.tests.test_trustshield_api.TestEmailScan" name="test_phishing_email" time="0.134" /><testcase classname="backend.tests.test_trustshield_api.TestEmailScan" name="test_empty_email" time="0.137" /><testcase classname="backend.tests.test_trustshield_api.TestMessageScan" name="test_otp_scam" time="0.112" /><testcase classname="backend.tests.test_trustshield_api.TestMessageScan" name="test_empty_message" time="0.106" /><testcase classname="backend.tests.test_trustshield_api.TestQrScan" name="test_qr_content" time="0.127" /><testcase classname="backend.tests.test_trustshield_api.TestQrScan" name="test_qr_missing" time="0.100" /><testcase classname="backend.tests.test_trustshield_api.TestScansCrud" name="test_list_and_detail_and_delete" time="0.571" /><testcase classname="backend.tests.test_trustshield_api.TestScansCrud" name="test_invalid_id" time="0.130" /><testcase classname="backend.tests.test_trustshield_api.TestScansCrud" name="test_nonexistent_id" time="0.121" /><testcase classname="backend.tests.test_trustshield_api.TestDashboard" name="test_dashboard" time="1.251" /><testcase classname="backend.tests.test_trustshield_api.TestMLService" name="test_health" time="0.002" /><testcase classname="backend.tests.test_trustshield_api.TestMLService" name="test_predict" time="0.002" /><testcase classname="backend.tests.test_trustshield_api.TestMLService" name="test_metrics" time="0.002" /></testsuite></testsuites>